<?xml version="1.0" encoding="UTF-8"?>
<!-- Generated by org.testng.reporters.JUnitReportReporter -->
<testsuite hostname="Aruns-MacBook-Pro.local" failures="0" tests="1" name="com.veeva.nba.runner.runner" time="11.939" errors="0" timestamp="2024-03-03T17:00:16 IST" skipped="0">
  <testcase classname="com.veeva.nba.runner.runner" name="runScenario" time="11.939"/>
</testsuite> <!-- com.veeva.nba.runner.runner -->
